2017-08-09 4:28:45 - PHP Notice:  Undefined variable: heading_title in D:\XAMPP4\htdocs\opencart2302\tt_melani\catalog\view\theme\tt_melani2\template\extension\module\oclayerednavigation\oclayerednavigation.tpl on line 3
2017-08-09 4:28:45 - PHP Notice:  Undefined variable: filter_groups in D:\XAMPP4\htdocs\opencart2302\tt_melani\catalog\view\theme\tt_melani2\template\extension\module\oclayerednavigation\oclayerednavigation.tpl on line 8
2017-08-09 4:28:45 - PHP Warning:  Invalid argument supplied for foreach() in D:\XAMPP4\htdocs\opencart2302\tt_melani\catalog\view\theme\tt_melani2\template\extension\module\oclayerednavigation\oclayerednavigation.tpl on line 8
2017-08-09 4:28:45 - PHP Notice:  Undefined variable: text_byprice in D:\XAMPP4\htdocs\opencart2302\tt_melani\catalog\view\theme\tt_melani2\template\extension\module\oclayerednavigation\oclayerednavigation.tpl on line 27
2017-08-09 4:28:45 - PHP Notice:  Undefined variable: currency_symbol in D:\XAMPP4\htdocs\opencart2302\tt_melani\catalog\view\theme\tt_melani2\template\extension\module\oclayerednavigation\oclayerednavigation.tpl on line 32
2017-08-09 4:28:45 - PHP Notice:  Undefined variable: min_price in D:\XAMPP4\htdocs\opencart2302\tt_melani\catalog\view\theme\tt_melani2\template\extension\module\oclayerednavigation\oclayerednavigation.tpl on line 33
2017-08-09 4:28:45 - PHP Notice:  Undefined variable: currency_symbol in D:\XAMPP4\htdocs\opencart2302\tt_melani\catalog\view\theme\tt_melani2\template\extension\module\oclayerednavigation\oclayerednavigation.tpl on line 34
2017-08-09 4:28:45 - PHP Notice:  Undefined variable: max_price in D:\XAMPP4\htdocs\opencart2302\tt_melani\catalog\view\theme\tt_melani2\template\extension\module\oclayerednavigation\oclayerednavigation.tpl on line 35
2017-08-09 4:28:45 - PHP Notice:  Undefined variable: filter_groups in D:\XAMPP4\htdocs\opencart2302\tt_melani\catalog\view\theme\tt_melani2\template\extension\module\oclayerednavigation\oclayerednavigation.tpl on line 40
2017-08-09 4:28:45 - PHP Warning:  Invalid argument supplied for foreach() in D:\XAMPP4\htdocs\opencart2302\tt_melani\catalog\view\theme\tt_melani2\template\extension\module\oclayerednavigation\oclayerednavigation.tpl on line 40
2017-08-09 4:28:45 - PHP Notice:  Undefined variable: action in D:\XAMPP4\htdocs\opencart2302\tt_melani\catalog\view\theme\tt_melani2\template\extension\module\oclayerednavigation\oclayerednavigation.tpl on line 59
2017-08-09 4:28:45 - PHP Notice:  Undefined variable: action in D:\XAMPP4\htdocs\opencart2302\tt_melani\catalog\view\theme\tt_melani2\template\extension\module\oclayerednavigation\oclayerednavigation.tpl on line 60
2017-08-09 4:28:45 - PHP Notice:  Undefined variable: min_price in D:\XAMPP4\htdocs\opencart2302\tt_melani\catalog\view\theme\tt_melani2\template\extension\module\oclayerednavigation\oclayerednavigation.tpl on line 65
2017-08-09 4:28:45 - PHP Notice:  Undefined variable: max_price in D:\XAMPP4\htdocs\opencart2302\tt_melani\catalog\view\theme\tt_melani2\template\extension\module\oclayerednavigation\oclayerednavigation.tpl on line 66
2017-08-09 4:29:10 - PHP Notice:  Undefined variable: heading_title in D:\XAMPP4\htdocs\opencart2302\tt_melani\catalog\view\theme\tt_melani3\template\extension\module\oclayerednavigation\oclayerednavigation.tpl on line 3
2017-08-09 4:29:10 - PHP Notice:  Undefined variable: filter_groups in D:\XAMPP4\htdocs\opencart2302\tt_melani\catalog\view\theme\tt_melani3\template\extension\module\oclayerednavigation\oclayerednavigation.tpl on line 8
2017-08-09 4:29:10 - PHP Warning:  Invalid argument supplied for foreach() in D:\XAMPP4\htdocs\opencart2302\tt_melani\catalog\view\theme\tt_melani3\template\extension\module\oclayerednavigation\oclayerednavigation.tpl on line 8
2017-08-09 4:29:10 - PHP Notice:  Undefined variable: text_byprice in D:\XAMPP4\htdocs\opencart2302\tt_melani\catalog\view\theme\tt_melani3\template\extension\module\oclayerednavigation\oclayerednavigation.tpl on line 27
2017-08-09 4:29:10 - PHP Notice:  Undefined variable: currency_symbol in D:\XAMPP4\htdocs\opencart2302\tt_melani\catalog\view\theme\tt_melani3\template\extension\module\oclayerednavigation\oclayerednavigation.tpl on line 32
2017-08-09 4:29:10 - PHP Notice:  Undefined variable: min_price in D:\XAMPP4\htdocs\opencart2302\tt_melani\catalog\view\theme\tt_melani3\template\extension\module\oclayerednavigation\oclayerednavigation.tpl on line 33
2017-08-09 4:29:10 - PHP Notice:  Undefined variable: currency_symbol in D:\XAMPP4\htdocs\opencart2302\tt_melani\catalog\view\theme\tt_melani3\template\extension\module\oclayerednavigation\oclayerednavigation.tpl on line 34
2017-08-09 4:29:10 - PHP Notice:  Undefined variable: max_price in D:\XAMPP4\htdocs\opencart2302\tt_melani\catalog\view\theme\tt_melani3\template\extension\module\oclayerednavigation\oclayerednavigation.tpl on line 35
2017-08-09 4:29:10 - PHP Notice:  Undefined variable: filter_groups in D:\XAMPP4\htdocs\opencart2302\tt_melani\catalog\view\theme\tt_melani3\template\extension\module\oclayerednavigation\oclayerednavigation.tpl on line 40
2017-08-09 4:29:10 - PHP Warning:  Invalid argument supplied for foreach() in D:\XAMPP4\htdocs\opencart2302\tt_melani\catalog\view\theme\tt_melani3\template\extension\module\oclayerednavigation\oclayerednavigation.tpl on line 40
2017-08-09 4:29:10 - PHP Notice:  Undefined variable: action in D:\XAMPP4\htdocs\opencart2302\tt_melani\catalog\view\theme\tt_melani3\template\extension\module\oclayerednavigation\oclayerednavigation.tpl on line 59
2017-08-09 4:29:10 - PHP Notice:  Undefined variable: action in D:\XAMPP4\htdocs\opencart2302\tt_melani\catalog\view\theme\tt_melani3\template\extension\module\oclayerednavigation\oclayerednavigation.tpl on line 60
2017-08-09 4:29:10 - PHP Notice:  Undefined variable: min_price in D:\XAMPP4\htdocs\opencart2302\tt_melani\catalog\view\theme\tt_melani3\template\extension\module\oclayerednavigation\oclayerednavigation.tpl on line 65
2017-08-09 4:29:10 - PHP Notice:  Undefined variable: max_price in D:\XAMPP4\htdocs\opencart2302\tt_melani\catalog\view\theme\tt_melani3\template\extension\module\oclayerednavigation\oclayerednavigation.tpl on line 66
2017-08-09 4:29:22 - PHP Notice:  Undefined variable: heading_title in D:\XAMPP4\htdocs\opencart2302\tt_melani\catalog\view\theme\tt_melani4\template\extension\module\oclayerednavigation\oclayerednavigation.tpl on line 3
2017-08-09 4:29:22 - PHP Notice:  Undefined variable: filter_groups in D:\XAMPP4\htdocs\opencart2302\tt_melani\catalog\view\theme\tt_melani4\template\extension\module\oclayerednavigation\oclayerednavigation.tpl on line 8
2017-08-09 4:29:22 - PHP Warning:  Invalid argument supplied for foreach() in D:\XAMPP4\htdocs\opencart2302\tt_melani\catalog\view\theme\tt_melani4\template\extension\module\oclayerednavigation\oclayerednavigation.tpl on line 8
2017-08-09 4:29:22 - PHP Notice:  Undefined variable: text_byprice in D:\XAMPP4\htdocs\opencart2302\tt_melani\catalog\view\theme\tt_melani4\template\extension\module\oclayerednavigation\oclayerednavigation.tpl on line 27
2017-08-09 4:29:22 - PHP Notice:  Undefined variable: currency_symbol in D:\XAMPP4\htdocs\opencart2302\tt_melani\catalog\view\theme\tt_melani4\template\extension\module\oclayerednavigation\oclayerednavigation.tpl on line 32
2017-08-09 4:29:22 - PHP Notice:  Undefined variable: min_price in D:\XAMPP4\htdocs\opencart2302\tt_melani\catalog\view\theme\tt_melani4\template\extension\module\oclayerednavigation\oclayerednavigation.tpl on line 33
2017-08-09 4:29:22 - PHP Notice:  Undefined variable: currency_symbol in D:\XAMPP4\htdocs\opencart2302\tt_melani\catalog\view\theme\tt_melani4\template\extension\module\oclayerednavigation\oclayerednavigation.tpl on line 34
2017-08-09 4:29:22 - PHP Notice:  Undefined variable: max_price in D:\XAMPP4\htdocs\opencart2302\tt_melani\catalog\view\theme\tt_melani4\template\extension\module\oclayerednavigation\oclayerednavigation.tpl on line 35
2017-08-09 4:29:22 - PHP Notice:  Undefined variable: filter_groups in D:\XAMPP4\htdocs\opencart2302\tt_melani\catalog\view\theme\tt_melani4\template\extension\module\oclayerednavigation\oclayerednavigation.tpl on line 40
2017-08-09 4:29:22 - PHP Warning:  Invalid argument supplied for foreach() in D:\XAMPP4\htdocs\opencart2302\tt_melani\catalog\view\theme\tt_melani4\template\extension\module\oclayerednavigation\oclayerednavigation.tpl on line 40
2017-08-09 4:29:22 - PHP Notice:  Undefined variable: action in D:\XAMPP4\htdocs\opencart2302\tt_melani\catalog\view\theme\tt_melani4\template\extension\module\oclayerednavigation\oclayerednavigation.tpl on line 59
2017-08-09 4:29:22 - PHP Notice:  Undefined variable: action in D:\XAMPP4\htdocs\opencart2302\tt_melani\catalog\view\theme\tt_melani4\template\extension\module\oclayerednavigation\oclayerednavigation.tpl on line 60
2017-08-09 4:29:22 - PHP Notice:  Undefined variable: min_price in D:\XAMPP4\htdocs\opencart2302\tt_melani\catalog\view\theme\tt_melani4\template\extension\module\oclayerednavigation\oclayerednavigation.tpl on line 65
2017-08-09 4:29:22 - PHP Notice:  Undefined variable: max_price in D:\XAMPP4\htdocs\opencart2302\tt_melani\catalog\view\theme\tt_melani4\template\extension\module\oclayerednavigation\oclayerednavigation.tpl on line 66
2017-08-09 4:29:37 - PHP Notice:  Undefined variable: heading_title in D:\XAMPP4\htdocs\opencart2302\tt_melani\catalog\view\theme\tt_melani5\template\extension\module\oclayerednavigation\oclayerednavigation.tpl on line 3
2017-08-09 4:29:37 - PHP Notice:  Undefined variable: filter_groups in D:\XAMPP4\htdocs\opencart2302\tt_melani\catalog\view\theme\tt_melani5\template\extension\module\oclayerednavigation\oclayerednavigation.tpl on line 8
2017-08-09 4:29:37 - PHP Warning:  Invalid argument supplied for foreach() in D:\XAMPP4\htdocs\opencart2302\tt_melani\catalog\view\theme\tt_melani5\template\extension\module\oclayerednavigation\oclayerednavigation.tpl on line 8
2017-08-09 4:29:37 - PHP Notice:  Undefined variable: text_byprice in D:\XAMPP4\htdocs\opencart2302\tt_melani\catalog\view\theme\tt_melani5\template\extension\module\oclayerednavigation\oclayerednavigation.tpl on line 27
2017-08-09 4:29:37 - PHP Notice:  Undefined variable: currency_symbol in D:\XAMPP4\htdocs\opencart2302\tt_melani\catalog\view\theme\tt_melani5\template\extension\module\oclayerednavigation\oclayerednavigation.tpl on line 32
2017-08-09 4:29:37 - PHP Notice:  Undefined variable: min_price in D:\XAMPP4\htdocs\opencart2302\tt_melani\catalog\view\theme\tt_melani5\template\extension\module\oclayerednavigation\oclayerednavigation.tpl on line 33
2017-08-09 4:29:37 - PHP Notice:  Undefined variable: currency_symbol in D:\XAMPP4\htdocs\opencart2302\tt_melani\catalog\view\theme\tt_melani5\template\extension\module\oclayerednavigation\oclayerednavigation.tpl on line 34
2017-08-09 4:29:37 - PHP Notice:  Undefined variable: max_price in D:\XAMPP4\htdocs\opencart2302\tt_melani\catalog\view\theme\tt_melani5\template\extension\module\oclayerednavigation\oclayerednavigation.tpl on line 35
2017-08-09 4:29:37 - PHP Notice:  Undefined variable: filter_groups in D:\XAMPP4\htdocs\opencart2302\tt_melani\catalog\view\theme\tt_melani5\template\extension\module\oclayerednavigation\oclayerednavigation.tpl on line 40
2017-08-09 4:29:37 - PHP Warning:  Invalid argument supplied for foreach() in D:\XAMPP4\htdocs\opencart2302\tt_melani\catalog\view\theme\tt_melani5\template\extension\module\oclayerednavigation\oclayerednavigation.tpl on line 40
2017-08-09 4:29:37 - PHP Notice:  Undefined variable: action in D:\XAMPP4\htdocs\opencart2302\tt_melani\catalog\view\theme\tt_melani5\template\extension\module\oclayerednavigation\oclayerednavigation.tpl on line 59
2017-08-09 4:29:37 - PHP Notice:  Undefined variable: action in D:\XAMPP4\htdocs\opencart2302\tt_melani\catalog\view\theme\tt_melani5\template\extension\module\oclayerednavigation\oclayerednavigation.tpl on line 60
2017-08-09 4:29:37 - PHP Notice:  Undefined variable: min_price in D:\XAMPP4\htdocs\opencart2302\tt_melani\catalog\view\theme\tt_melani5\template\extension\module\oclayerednavigation\oclayerednavigation.tpl on line 65
2017-08-09 4:29:37 - PHP Notice:  Undefined variable: max_price in D:\XAMPP4\htdocs\opencart2302\tt_melani\catalog\view\theme\tt_melani5\template\extension\module\oclayerednavigation\oclayerednavigation.tpl on line 66
2017-08-09 10:51:55 - PHP Notice:  Undefined variable: heading_title in D:\XAMPP4\htdocs\opencart2302\tt_melani\catalog\view\theme\tt_melani5\template\extension\module\oclayerednavigation\oclayerednavigation.tpl on line 3
2017-08-09 10:51:55 - PHP Notice:  Undefined variable: filter_groups in D:\XAMPP4\htdocs\opencart2302\tt_melani\catalog\view\theme\tt_melani5\template\extension\module\oclayerednavigation\oclayerednavigation.tpl on line 8
2017-08-09 10:51:55 - PHP Warning:  Invalid argument supplied for foreach() in D:\XAMPP4\htdocs\opencart2302\tt_melani\catalog\view\theme\tt_melani5\template\extension\module\oclayerednavigation\oclayerednavigation.tpl on line 8
2017-08-09 10:51:55 - PHP Notice:  Undefined variable: text_byprice in D:\XAMPP4\htdocs\opencart2302\tt_melani\catalog\view\theme\tt_melani5\template\extension\module\oclayerednavigation\oclayerednavigation.tpl on line 27
2017-08-09 10:51:55 - PHP Notice:  Undefined variable: currency_symbol in D:\XAMPP4\htdocs\opencart2302\tt_melani\catalog\view\theme\tt_melani5\template\extension\module\oclayerednavigation\oclayerednavigation.tpl on line 32
2017-08-09 10:51:55 - PHP Notice:  Undefined variable: min_price in D:\XAMPP4\htdocs\opencart2302\tt_melani\catalog\view\theme\tt_melani5\template\extension\module\oclayerednavigation\oclayerednavigation.tpl on line 33
2017-08-09 10:51:55 - PHP Notice:  Undefined variable: currency_symbol in D:\XAMPP4\htdocs\opencart2302\tt_melani\catalog\view\theme\tt_melani5\template\extension\module\oclayerednavigation\oclayerednavigation.tpl on line 34
2017-08-09 10:51:55 - PHP Notice:  Undefined variable: max_price in D:\XAMPP4\htdocs\opencart2302\tt_melani\catalog\view\theme\tt_melani5\template\extension\module\oclayerednavigation\oclayerednavigation.tpl on line 35
2017-08-09 10:51:55 - PHP Notice:  Undefined variable: filter_groups in D:\XAMPP4\htdocs\opencart2302\tt_melani\catalog\view\theme\tt_melani5\template\extension\module\oclayerednavigation\oclayerednavigation.tpl on line 40
2017-08-09 10:51:55 - PHP Warning:  Invalid argument supplied for foreach() in D:\XAMPP4\htdocs\opencart2302\tt_melani\catalog\view\theme\tt_melani5\template\extension\module\oclayerednavigation\oclayerednavigation.tpl on line 40
2017-08-09 10:51:55 - PHP Notice:  Undefined variable: action in D:\XAMPP4\htdocs\opencart2302\tt_melani\catalog\view\theme\tt_melani5\template\extension\module\oclayerednavigation\oclayerednavigation.tpl on line 59
2017-08-09 10:51:55 - PHP Notice:  Undefined variable: action in D:\XAMPP4\htdocs\opencart2302\tt_melani\catalog\view\theme\tt_melani5\template\extension\module\oclayerednavigation\oclayerednavigation.tpl on line 60
2017-08-09 10:51:55 - PHP Notice:  Undefined variable: min_price in D:\XAMPP4\htdocs\opencart2302\tt_melani\catalog\view\theme\tt_melani5\template\extension\module\oclayerednavigation\oclayerednavigation.tpl on line 65
2017-08-09 10:51:55 - PHP Notice:  Undefined variable: max_price in D:\XAMPP4\htdocs\opencart2302\tt_melani\catalog\view\theme\tt_melani5\template\extension\module\oclayerednavigation\oclayerednavigation.tpl on line 66
2017-08-09 10:53:40 - PHP Notice:  Undefined variable: heading_title in D:\XAMPP4\htdocs\opencart2302\tt_melani\catalog\view\theme\tt_melani5\template\extension\module\oclayerednavigation\oclayerednavigation.tpl on line 3
2017-08-09 10:53:40 - PHP Notice:  Undefined variable: filter_groups in D:\XAMPP4\htdocs\opencart2302\tt_melani\catalog\view\theme\tt_melani5\template\extension\module\oclayerednavigation\oclayerednavigation.tpl on line 8
2017-08-09 10:53:40 - PHP Warning:  Invalid argument supplied for foreach() in D:\XAMPP4\htdocs\opencart2302\tt_melani\catalog\view\theme\tt_melani5\template\extension\module\oclayerednavigation\oclayerednavigation.tpl on line 8
2017-08-09 10:53:40 - PHP Notice:  Undefined variable: text_byprice in D:\XAMPP4\htdocs\opencart2302\tt_melani\catalog\view\theme\tt_melani5\template\extension\module\oclayerednavigation\oclayerednavigation.tpl on line 27
2017-08-09 10:53:40 - PHP Notice:  Undefined variable: currency_symbol in D:\XAMPP4\htdocs\opencart2302\tt_melani\catalog\view\theme\tt_melani5\template\extension\module\oclayerednavigation\oclayerednavigation.tpl on line 32
2017-08-09 10:53:40 - PHP Notice:  Undefined variable: min_price in D:\XAMPP4\htdocs\opencart2302\tt_melani\catalog\view\theme\tt_melani5\template\extension\module\oclayerednavigation\oclayerednavigation.tpl on line 33
2017-08-09 10:53:40 - PHP Notice:  Undefined variable: currency_symbol in D:\XAMPP4\htdocs\opencart2302\tt_melani\catalog\view\theme\tt_melani5\template\extension\module\oclayerednavigation\oclayerednavigation.tpl on line 34
2017-08-09 10:53:40 - PHP Notice:  Undefined variable: max_price in D:\XAMPP4\htdocs\opencart2302\tt_melani\catalog\view\theme\tt_melani5\template\extension\module\oclayerednavigation\oclayerednavigation.tpl on line 35
2017-08-09 10:53:40 - PHP Notice:  Undefined variable: filter_groups in D:\XAMPP4\htdocs\opencart2302\tt_melani\catalog\view\theme\tt_melani5\template\extension\module\oclayerednavigation\oclayerednavigation.tpl on line 40
2017-08-09 10:53:40 - PHP Warning:  Invalid argument supplied for foreach() in D:\XAMPP4\htdocs\opencart2302\tt_melani\catalog\view\theme\tt_melani5\template\extension\module\oclayerednavigation\oclayerednavigation.tpl on line 40
2017-08-09 10:53:40 - PHP Notice:  Undefined variable: action in D:\XAMPP4\htdocs\opencart2302\tt_melani\catalog\view\theme\tt_melani5\template\extension\module\oclayerednavigation\oclayerednavigation.tpl on line 59
2017-08-09 10:53:40 - PHP Notice:  Undefined variable: action in D:\XAMPP4\htdocs\opencart2302\tt_melani\catalog\view\theme\tt_melani5\template\extension\module\oclayerednavigation\oclayerednavigation.tpl on line 60
2017-08-09 10:53:40 - PHP Notice:  Undefined variable: min_price in D:\XAMPP4\htdocs\opencart2302\tt_melani\catalog\view\theme\tt_melani5\template\extension\module\oclayerednavigation\oclayerednavigation.tpl on line 65
2017-08-09 10:53:40 - PHP Notice:  Undefined variable: max_price in D:\XAMPP4\htdocs\opencart2302\tt_melani\catalog\view\theme\tt_melani5\template\extension\module\oclayerednavigation\oclayerednavigation.tpl on line 66
